username 'lacroixke' not found in employee.supervisor_id
username 'lacroixke' not found in employee.supervisor_id
username 'lacroixke' not found in employee.supervisor_id
username 'lacroixke' not found in employee.supervisor_id
username 'lacroixke' not found in employee.supervisor_id
username 'lacroixke' not found in employee.supervisor_id
username 'lacroixke' not found in employee.supervisor_id
username 'lacroixke' not found in employee.supervisor_id
username 'lacroixke' not found in employee.supervisor_id
username '' not found in employee.supervisor_id
username '' not found in employee.supervisor_id
username '' not found in employee.supervisor_id
username '' not found in employee.supervisor_id
Y:\Fisheries Management\Project Tracking\Completion Reports\Parry Sound Creel Completion Report - 2008 (DRAFT- pre-analysis).doc 
Y:\Fisheries Management\Project Tracking\Completion Reports\Parry Sound Creel Completion Report - 2009 (DRAFT- pre-analysis).doc 
project with oldKey='309' not found in pjtk2_project
Y:\Fisheries Management\Project Tracking\Completion Reports\UGLMU_Completion_Report_PointeauBaril_IA09_257_259.doc 
Y:\Fisheries Management\Project Tracking\Completion Reports\UGLMU_Completion_Report_ShawanagaBasin_IA09_233.doc 
Y:\Fisheries Management\Project Tracking\Completion Reports\Completion_Report_IA12_BLT.pdf 
project with oldKey='841' not found in pjtk2_project
project with oldKey='309' not found in pjtk2_project
Y:\Fisheries Management\Project Tracking\Descriptions\UGLMU Project Description_2004_Iroquois Bay_IA04_013.doc 
Y:\Fisheries Management\Project Tracking\Descriptions\UGLMU Project Description__Severn_Sound_SWIN_IA10_255.doc 
Y:\Fisheries Management\Project Tracking\Descriptions\Project_Description_SouthamptonIndex_IA12_BLT.doc 
project with oldKey='841' not found in pjtk2_project
Y:\Fisheries Management\Project Tracking\Protocols\IA12_BLT_Sampling_Guide.pdf 
project with oldKey='841' not found in pjtk2_project
project with oldKey='309' not found in pjtk2_project
project with oldKey='330' not found in pjtk2_project
Y:\Fisheries Management\Project Tracking\Associated Files\Penetanguishene cutoff.jpg does not exist! (LHA_SC11_053)
Y:\Fisheries Management\Project Tracking\Associated Files\Midland Bay Cutoff.jpg does not exist! (LHA_SC11_053)
Y:\Fisheries Management\Project Tracking\Associated Files\Hog Bay Cutoff.jpg does not exist! (LHA_SC11_053)
Y:\Fisheries Management\Project Tracking\Associated Files\SB_trap net sites.mxd does not exist! (LHA_IA11_119)
Y:\Fisheries Management\Project Tracking\Associated Files\SSCreelScheduleA.xls does not exist! (LHA_SC12_052)
Y:\Fisheries Management\Project Tracking\Associated Files\Sched_May31.xls does not exist! (LHA_SC12_052)
Y:\Fisheries Management\Project Tracking\Associated Files\rules12.pdf does not exist! (LHA_SF12_404)
Y:\Fisheries Management\Project Tracking\Associated Files\Schedule2012.xlsm does not exist! (LHA_SC12_000)
Y:\Fisheries Management\Project Tracking\Associated Files\Schedule_2012.xls does not exist! (LHA_SC12_120)
Y:\Fisheries Management\Project Tracking\Associated Files\KG_local_Schedule.xls does not exist! (LHA_SC12_100)
Y:\Fisheries Management\Project Tracking\Associated Files\KG_driving_schedule.xls does not exist! (LHA_SC12_100)
Y:\Fisheries Management\Project Tracking\Associated Files\Schedule_2012.xls does not exist! (LHA_SC12_120)
Y:\Fisheries Management\Project Tracking\Associated Files\November2012_schedule.xls does not exist! (LHA_SC12_052)
